  Compiling CUDA source file kernel.cu...
  
  C:\Users\ginka\Desktop\Sem5\ProcesoryGraficzne\PoleGrawitacyjneCUDA\ProtonsAndElectrons\ProtonsAndElectrons>"C:\Program Files\NVIDIA GPU Computing Toolkit\CUDA\v10.2\bin\nvcc.exe" -gencode=arch=compute_30,code=\"sm_30,compute_30\" --use-local-env -ccbin "C:\Program Files (x86)\Microsoft Visual Studio\2019\Community\VC\Tools\MSVC\14.28.29333\bin\HostX86\x64" -x cu  -I"C:\Program Files\NVIDIA GPU Computing Toolkit\CUDA\v10.2\include" -I"C:\VCPKG\vcpkg\installed\x64-windows\include" -I"C:\Program Files\NVIDIA GPU Computing Toolkit\CUDA\v10.2\include"     --keep-dir x64\Release -maxrregcount=0  --machine 64 --compile -cudart static     -DWIN32 -DWIN64 -DNDEBUG -D_CONSOLE -D_MBCS -Xcompiler "/EHsc /W3 /nologo /O2 /Fdx64\Release\vc142.pdb /FS /Zi  /MD " -o x64\Release\kernel.cu.obj "C:\Users\ginka\Desktop\Sem5\ProcesoryGraficzne\PoleGrawitacyjneCUDA\ProtonsAndElectrons\ProtonsAndElectrons\kernel.cu" 
  kernel.cu
C:/Users/ginka/Desktop/Sem5/ProcesoryGraficzne/PoleGrawitacyjneCUDA/ProtonsAndElectrons/ProtonsAndElectrons/kernel.cu(541): warning C4244: 'initializing': conversion from 'float' to 'unsigned int', possible loss of data
C:/Users/ginka/Desktop/Sem5/ProcesoryGraficzne/PoleGrawitacyjneCUDA/ProtonsAndElectrons/ProtonsAndElectrons/kernel.cu(542): warning C4244: 'initializing': conversion from 'float' to 'unsigned int', possible loss of data
C:/Users/ginka/Desktop/Sem5/ProcesoryGraficzne/PoleGrawitacyjneCUDA/ProtonsAndElectrons/ProtonsAndElectrons/kernel.cu(544): warning C4018: '>=': signed/unsigned mismatch
C:/Users/ginka/Desktop/Sem5/ProcesoryGraficzne/PoleGrawitacyjneCUDA/ProtonsAndElectrons/ProtonsAndElectrons/kernel.cu(599): warning C4244: 'argument': conversion from 'int' to 'float', possible loss of data
C:/Users/ginka/Desktop/Sem5/ProcesoryGraficzne/PoleGrawitacyjneCUDA/ProtonsAndElectrons/ProtonsAndElectrons/kernel.cu(599): warning C4244: 'argument': conversion from 'int' to 'float', possible loss of data
C:/Users/ginka/Desktop/Sem5/ProcesoryGraficzne/PoleGrawitacyjneCUDA/ProtonsAndElectrons/ProtonsAndElectrons/kernel.cu(623): warning C4244: 'argument': conversion from 'int' to 'float', possible loss of data
C:/Users/ginka/Desktop/Sem5/ProcesoryGraficzne/PoleGrawitacyjneCUDA/ProtonsAndElectrons/ProtonsAndElectrons/kernel.cu(623): warning C4244: 'argument': conversion from 'int' to 'float', possible loss of data
C:\Program Files\NVIDIA GPU Computing Toolkit\CUDA\v10.2\include\thrust/iterator/iterator_adaptor.h(204): warning C4244: '+=': conversion from '__int64' to 'Base', possible loss of data
          with
          [
              Base=unsigned int
          ]
  C:\Program Files\NVIDIA GPU Computing Toolkit\CUDA\v10.2\include\thrust/iterator/iterator_adaptor.h(202): note: while compiling class template member function 'void thrust::iterator_adaptor<thrust::counting_iterator<unsigned int,thrust::use_default,thrust::use_default,thrust::use_default>,Incrementable,Incrementable,thrust::any_system_tag,thrust::random_access_traversal_tag,Incrementable,__int64>::advance(__int64)'
          with
          [
              Incrementable=unsigned int
          ]
  C:\Program Files\NVIDIA GPU Computing Toolkit\CUDA\v10.2\include\thrust/iterator/iterator_facade.h(171): note: see reference to function template instantiation 'void thrust::iterator_adaptor<thrust::counting_iterator<unsigned int,thrust::use_default,thrust::use_default,thrust::use_default>,Incrementable,Incrementable,thrust::any_system_tag,thrust::random_access_traversal_tag,Incrementable,__int64>::advance(__int64)' being compiled
          with
          [
              Incrementable=unsigned int
          ]
  C:\Program Files\NVIDIA GPU Computing Toolkit\CUDA\v10.2\include\thrust/iterator/counting_iterator.h(132): note: see reference to class template instantiation 'thrust::iterator_adaptor<thrust::counting_iterator<unsigned int,thrust::use_default,thrust::use_default,thrust::use_default>,Incrementable,Incrementable,thrust::any_system_tag,thrust::random_access_traversal_tag,Incrementable,__int64>' being compiled
          with
          [
              Incrementable=unsigned int
          ]
  C:/Users/ginka/Desktop/Sem5/ProcesoryGraficzne/PoleGrawitacyjneCUDA/ProtonsAndElectrons/ProtonsAndElectrons/kernel.cu(608): note: see reference to class template instantiation 'thrust::counting_iterator<unsigned int,thrust::use_default,thrust::use_default,thrust::use_default>' being compiled
     Creating library C:\Users\ginka\Desktop\Sem5\ProcesoryGraficzne\PoleGrawitacyjneCUDA\ProtonsAndElectrons\x64\Release\ProtonsAndElectrons.lib and object C:\Users\ginka\Desktop\Sem5\ProcesoryGraficzne\PoleGrawitacyjneCUDA\ProtonsAndElectrons\x64\Release\ProtonsAndElectrons.exp
  Generating code
  0 of 390 functions ( 0.0%) were compiled, the rest were copied from previous compilation.
    0 functions were new in current compilation
    0 functions had inline decision re-evaluated but remain unchanged
  Finished generating code
  ProtonsAndElectrons.vcxproj -> C:\Users\ginka\Desktop\Sem5\ProcesoryGraficzne\PoleGrawitacyjneCUDA\ProtonsAndElectrons\x64\Release\ProtonsAndElectrons.exe
